<?xml version="1.0" encoding="UTF-8"?>
<testsuite name="TestSuite" time="157.323" tests="17" errors="0" skipped="0" failures="0">
  <properties>
[...]
</properties>
  <testcase name="loginEmail" classname="com.gaana.testcases.LoginTest" time="16.94"/>
  <testcase name="loginFacebook" classname="com.gaana.testcases.LoginTest" time="29.411"/>
  <testcase name="loginGoogle" classname="com.gaana.testcases.LoginTest" time="23.357"/>
  <testcase name="clickTopchart" classname="com.gaana.testcases.HomePageTest" time="7.759"/>
  <testcase name="clickArtist" classname="com.gaana.testcases.HomePageTest" time="4.674"/>
  <testcase name="clickLanguages" classname="com.gaana.testcases.HomePageTest" time="28.152"/>
  <testcase name="clickNewReleases" classname="com.gaana.testcases.HomePageTest" time="2.866"/>
  <testcase name="topchartContent" classname="com.gaana.testcases.ContentTest" time="3.948"/>
  <testcase name="newReleaseContent" classname="com.gaana.testcases.ContentTest" time="3.661"/>
  <testcase name="artistContent" classname="com.gaana.testcases.ContentTest" time="3.736"/>
  <testcase name="discoverContent" classname="com.gaana.testcases.ContentTest" time="3.691"/>
  <testcase name="homeFeaturedPlaylistContent" classname="com.gaana.testcases.ContentTest" time="4.845"/>
  <testcase name="radioMirchlistContent" classname="com.gaana.testcases.ContentTest" time="4.986"/>
  <testcase name="gaanaRadiolistContent" classname="com.gaana.testcases.ContentTest" time="5.37"/>
  <testcase name="discoverListContent" classname="com.gaana.testcases.ContentTest" time="4.745"/>
  <testcase name="playListHourContent" classname="com.gaana.testcases.ContentTest" time="4.605"/>
  <testcase name="newReleasesHomeContent" classname="com.gaana.testcases.ContentTest" time="4.577"/>
</testsuite>