<?xml version="1.0" encoding="UTF-8"?>
<!-- Generated by org.testng.reporters.JUnitXMLReporter -->
<testsuite hostname="NOD-BF2-LO-D583" name="Home Smoke Test" tests="4" failures="0" timestamp="2 Feb 2016 06:27:39 GMT" time="43.457" errors="0">
  <testcase name="clickTopchart" time="7.757" classname="com.gaana.testcases.HomePageTest"/>
  <testcase name="clickArtist" time="4.674" classname="com.gaana.testcases.HomePageTest"/>
  <testcase name="clickLanguages" time="28.153" classname="com.gaana.testcases.HomePageTest"/>
  <testcase name="clickNewReleases" time="2.865" classname="com.gaana.testcases.HomePageTest"/>
</testsuite> <!-- Home Smoke Test -->
