<?xml version="1.0" encoding="UTF-8"?>
<!-- Generated by org.testng.reporters.JUnitXMLReporter -->
<testsuite hostname="NOD-BF2-LO-D583" name="Login Smoke Test" tests="3" failures="0" timestamp="2 Feb 2016 06:26:56 GMT" time="69.748" errors="0">
  <testcase name="loginEmail" time="16.943" classname="com.gaana.testcases.LoginTest"/>
  <testcase name="loginFacebook" time="29.41" classname="com.gaana.testcases.LoginTest"/>
  <testcase name="loginGoogle" time="23.357" classname="com.gaana.testcases.LoginTest"/>
</testsuite> <!-- Login Smoke Test -->
